2019-10-23 17:08:51.980  INFO 9048 --- [restartedMain] B.B.BackEndProjectApplication            : Starting BackEndProjectApplication on Vlatka with PID 9048 (started by TehnoCentar in D:\Spring Workspace\BackEndProject)
2019-10-23 17:08:51.984  INFO 9048 --- [restartedMain] B.B.BackEndProjectApplication            : No active profile set, falling back to default profiles: default
2019-10-23 17:08:52.605 ERROR 9048 --- [restartedMain] o.s.boot.SpringApplication               : Application run failed

java.lang.NoSuchMethodError: org.springframework.boot.logging.DeferredLog.switchTo(Ljava/lang/Class;)V
	at org.springframework.boot.devtools.logger.DevToolsLogFactory$Listener.lambda$onApplicationEvent$0(DevToolsLogFactory.java:66) ~[spring-boot-devtools-2.1.6.RELEASE.jar:2.1.6.RELEASE]
	at java.util.LinkedHashMap.forEach(Unknown Source) ~[na:1.8.0_212]
	at org.springframework.boot.devtools.logger.DevToolsLogFactory$Listener.onApplicationEvent(DevToolsLogFactory.java:64) ~[spring-boot-devtools-2.1.6.RELEASE.jar:2.1.6.RELEASE]
	at org.springframework.boot.devtools.logger.DevToolsLogFactory$Listener.onApplicationEvent(DevToolsLogFactory.java:59) ~[spring-boot-devtools-2.1.6.RELEASE.jar:2.1.6.RELEASE]
	at org.springframework.context.event.SimpleApplicationEventMulticaster.doInvokeListener(SimpleApplicationEventMulticaster.java:172) ~[spring-context-5.0.4.RELEASE.jar:5.0.4.RELEASE]
	at org.springframework.context.event.SimpleApplicationEventMulticaster.invokeListener(SimpleApplicationEventMulticaster.java:165) ~[spring-context-5.0.4.RELEASE.jar:5.0.4.RELEASE]
	at org.springframework.context.event.SimpleApplicationEventMulticaster.multicastEvent(SimpleApplicationEventMulticaster.java:139) ~[spring-context-5.0.4.RELEASE.jar:5.0.4.RELEASE]
	at org.springframework.context.event.SimpleApplicationEventMulticaster.multicastEvent(SimpleApplicationEventMulticaster.java:127) ~[spring-context-5.0.4.RELEASE.jar:5.0.4.RELEASE]
	at org.springframework.boot.context.event.EventPublishingRunListener.contextLoaded(EventPublishingRunListener.java:91) ~[spring-boot-2.0.0.RELEASE.jar:2.0.0.RELEASE]
	at org.springframework.boot.SpringApplicationRunListeners.contextLoaded(SpringApplicationRunListeners.java:66) ~[spring-boot-2.0.0.RELEASE.jar:2.0.0.RELEASE]
	at org.springframework.boot.SpringApplication.prepareContext(SpringApplication.java:384) [spring-boot-2.0.0.RELEASE.jar:2.0.0.RELEASE]
	at org.springframework.boot.SpringApplication.run(SpringApplication.java:325) [spring-boot-2.0.0.RELEASE.jar:2.0.0.RELEASE]
	at org.springframework.boot.SpringApplication.run(SpringApplication.java:1246) [spring-boot-2.0.0.RELEASE.jar:2.0.0.RELEASE]
	at org.springframework.boot.SpringApplication.run(SpringApplication.java:1234) [spring-boot-2.0.0.RELEASE.jar:2.0.0.RELEASE]
	at BackEndProject.BackEndProject.BackEndProjectApplication.main(BackEndProjectApplication.java:14) [classes/:na]
	at sun.reflect.NativeMethodAccessorImpl.invoke0(Native Method) ~[na:1.8.0_212]
	at sun.reflect.NativeMethodAccessorImpl.invoke(Unknown Source) ~[na:1.8.0_212]
	at sun.reflect.DelegatingMethodAccessorImpl.invoke(Unknown Source) ~[na:1.8.0_212]
	at java.lang.reflect.Method.invoke(Unknown Source) ~[na:1.8.0_212]
	at org.springframework.boot.devtools.restart.RestartLauncher.run(RestartLauncher.java:49) [spring-boot-devtools-2.1.6.RELEASE.jar:2.1.6.RELEASE]

2019-10-23 17:10:37.250 ERROR 1844 --- [restartedMain] o.s.b.c.l.LoggingApplicationListener     : Cannot set level: =DEBUG for 'BackEndProject.BackEndProject'
2019-10-23 17:10:37.390  INFO 1844 --- [restartedMain] B.B.BackEndProjectApplication            : Starting BackEndProjectApplication on Vlatka with PID 1844 (started by TehnoCentar in D:\Spring Workspace\BackEndProject)
2019-10-23 17:10:37.391  INFO 1844 --- [restartedMain] B.B.BackEndProjectApplication            : No active profile set, falling back to default profiles: default
2019-10-23 17:10:37.926 ERROR 1844 --- [restartedMain] o.s.boot.SpringApplication               : Application run failed

java.lang.NoSuchMethodError: org.springframework.boot.logging.DeferredLog.switchTo(Ljava/lang/Class;)V
	at org.springframework.boot.devtools.logger.DevToolsLogFactory$Listener.lambda$onApplicationEvent$0(DevToolsLogFactory.java:66) ~[spring-boot-devtools-2.1.6.RELEASE.jar:2.1.6.RELEASE]
	at java.util.LinkedHashMap.forEach(Unknown Source) ~[na:1.8.0_212]
	at org.springframework.boot.devtools.logger.DevToolsLogFactory$Listener.onApplicationEvent(DevToolsLogFactory.java:64) ~[spring-boot-devtools-2.1.6.RELEASE.jar:2.1.6.RELEASE]
	at org.springframework.boot.devtools.logger.DevToolsLogFactory$Listener.onApplicationEvent(DevToolsLogFactory.java:59) ~[spring-boot-devtools-2.1.6.RELEASE.jar:2.1.6.RELEASE]
	at org.springframework.context.event.SimpleApplicationEventMulticaster.doInvokeListener(SimpleApplicationEventMulticaster.java:172) ~[spring-context-5.0.4.RELEASE.jar:5.0.4.RELEASE]
	at org.springframework.context.event.SimpleApplicationEventMulticaster.invokeListener(SimpleApplicationEventMulticaster.java:165) ~[spring-context-5.0.4.RELEASE.jar:5.0.4.RELEASE]
	at org.springframework.context.event.SimpleApplicationEventMulticaster.multicastEvent(SimpleApplicationEventMulticaster.java:139) ~[spring-context-5.0.4.RELEASE.jar:5.0.4.RELEASE]
	at org.springframework.context.event.SimpleApplicationEventMulticaster.multicastEvent(SimpleApplicationEventMulticaster.java:127) ~[spring-context-5.0.4.RELEASE.jar:5.0.4.RELEASE]
	at org.springframework.boot.context.event.EventPublishingRunListener.contextLoaded(EventPublishingRunListener.java:91) ~[spring-boot-2.0.0.RELEASE.jar:2.0.0.RELEASE]
	at org.springframework.boot.SpringApplicationRunListeners.contextLoaded(SpringApplicationRunListeners.java:66) ~[spring-boot-2.0.0.RELEASE.jar:2.0.0.RELEASE]
	at org.springframework.boot.SpringApplication.prepareContext(SpringApplication.java:384) [spring-boot-2.0.0.RELEASE.jar:2.0.0.RELEASE]
	at org.springframework.boot.SpringApplication.run(SpringApplication.java:325) [spring-boot-2.0.0.RELEASE.jar:2.0.0.RELEASE]
	at org.springframework.boot.SpringApplication.run(SpringApplication.java:1246) [spring-boot-2.0.0.RELEASE.jar:2.0.0.RELEASE]
	at org.springframework.boot.SpringApplication.run(SpringApplication.java:1234) [spring-boot-2.0.0.RELEASE.jar:2.0.0.RELEASE]
	at BackEndProject.BackEndProject.BackEndProjectApplication.main(BackEndProjectApplication.java:14) [classes/:na]
	at sun.reflect.NativeMethodAccessorImpl.invoke0(Native Method) ~[na:1.8.0_212]
	at sun.reflect.NativeMethodAccessorImpl.invoke(Unknown Source) ~[na:1.8.0_212]
	at sun.reflect.DelegatingMethodAccessorImpl.invoke(Unknown Source) ~[na:1.8.0_212]
	at java.lang.reflect.Method.invoke(Unknown Source) ~[na:1.8.0_212]
	at org.springframework.boot.devtools.restart.RestartLauncher.run(RestartLauncher.java:49) [spring-boot-devtools-2.1.6.RELEASE.jar:2.1.6.RELEASE]

2019-10-23 17:11:45.122  INFO 10820 --- [restartedMain] B.B.BackEndProjectApplication            : Starting BackEndProjectApplication on Vlatka with PID 10820 (started by TehnoCentar in D:\Spring Workspace\BackEndProject)
2019-10-23 17:11:45.127  INFO 10820 --- [restartedMain] B.B.BackEndProjectApplication            : No active profile set, falling back to default profiles: default
2019-10-23 17:11:45.646 ERROR 10820 --- [restartedMain] o.s.boot.SpringApplication               : Application run failed

java.lang.NoSuchMethodError: org.springframework.boot.logging.DeferredLog.switchTo(Ljava/lang/Class;)V
	at org.springframework.boot.devtools.logger.DevToolsLogFactory$Listener.lambda$onApplicationEvent$0(DevToolsLogFactory.java:66) ~[spring-boot-devtools-2.1.6.RELEASE.jar:2.1.6.RELEASE]
	at java.util.LinkedHashMap.forEach(Unknown Source) ~[na:1.8.0_212]
	at org.springframework.boot.devtools.logger.DevToolsLogFactory$Listener.onApplicationEvent(DevToolsLogFactory.java:64) ~[spring-boot-devtools-2.1.6.RELEASE.jar:2.1.6.RELEASE]
	at org.springframework.boot.devtools.logger.DevToolsLogFactory$Listener.onApplicationEvent(DevToolsLogFactory.java:59) ~[spring-boot-devtools-2.1.6.RELEASE.jar:2.1.6.RELEASE]
	at org.springframework.context.event.SimpleApplicationEventMulticaster.doInvokeListener(SimpleApplicationEventMulticaster.java:172) ~[spring-context-5.0.4.RELEASE.jar:5.0.4.RELEASE]
	at org.springframework.context.event.SimpleApplicationEventMulticaster.invokeListener(SimpleApplicationEventMulticaster.java:165) ~[spring-context-5.0.4.RELEASE.jar:5.0.4.RELEASE]
	at org.springframework.context.event.SimpleApplicationEventMulticaster.multicastEvent(SimpleApplicationEventMulticaster.java:139) ~[spring-context-5.0.4.RELEASE.jar:5.0.4.RELEASE]
	at org.springframework.context.event.SimpleApplicationEventMulticaster.multicastEvent(SimpleApplicationEventMulticaster.java:127) ~[spring-context-5.0.4.RELEASE.jar:5.0.4.RELEASE]
	at org.springframework.boot.context.event.EventPublishingRunListener.contextLoaded(EventPublishingRunListener.java:91) ~[spring-boot-2.0.0.RELEASE.jar:2.0.0.RELEASE]
	at org.springframework.boot.SpringApplicationRunListeners.contextLoaded(SpringApplicationRunListeners.java:66) ~[spring-boot-2.0.0.RELEASE.jar:2.0.0.RELEASE]
	at org.springframework.boot.SpringApplication.prepareContext(SpringApplication.java:384) [spring-boot-2.0.0.RELEASE.jar:2.0.0.RELEASE]
	at org.springframework.boot.SpringApplication.run(SpringApplication.java:325) [spring-boot-2.0.0.RELEASE.jar:2.0.0.RELEASE]
	at org.springframework.boot.SpringApplication.run(SpringApplication.java:1246) [spring-boot-2.0.0.RELEASE.jar:2.0.0.RELEASE]
	at org.springframework.boot.SpringApplication.run(SpringApplication.java:1234) [spring-boot-2.0.0.RELEASE.jar:2.0.0.RELEASE]
	at BackEndProject.BackEndProject.BackEndProjectApplication.main(BackEndProjectApplication.java:14) [classes/:na]
	at sun.reflect.NativeMethodAccessorImpl.invoke0(Native Method) ~[na:1.8.0_212]
	at sun.reflect.NativeMethodAccessorImpl.invoke(Unknown Source) ~[na:1.8.0_212]
	at sun.reflect.DelegatingMethodAccessorImpl.invoke(Unknown Source) ~[na:1.8.0_212]
	at java.lang.reflect.Method.invoke(Unknown Source) ~[na:1.8.0_212]
	at org.springframework.boot.devtools.restart.RestartLauncher.run(RestartLauncher.java:49) [spring-boot-devtools-2.1.6.RELEASE.jar:2.1.6.RELEASE]

